<?xml version="1.0" encoding="UTF-8"?>
<!-- Generated by org.testng.reporters.JUnitReportReporter -->
<testsuite skipped="0" hostname="DESKTOP-0HLH9L7" name="runner.TestRunner" tests="3" failures="0" timestamp="21 Jul 2019 16:02:12 GMT" time="215.332" errors="0">
  <testcase name="feature" time="100.024" classname="runner.TestRunner"/>
  <testcase name="feature" time="15.306" classname="runner.TestRunner"/>
  <testcase name="feature" time="100.002" classname="runner.TestRunner"/>
</testsuite> <!-- runner.TestRunner -->
