<?xml version="1.0" encoding="UTF-8"?>
<!-- Generated by org.testng.reporters.JUnitReportReporter -->
<testsuite skipped="0" hostname="DESKTOP-0HLH9L7" name="runner.TestRunner" tests="3" failures="0" timestamp="17 Jul 2019 19:52:06 GMT" time="0.383" errors="3">
  <testcase name="feature" time="0.189" classname="runner.TestRunner">
    <error type="java.lang.NoClassDefFoundError" message="org/picocontainer/PicoBuilder">
      <![CDATA[java.lang.NoClassDefFoundError: org/picocontainer/PicoBuilder
	at io.cucumber.picocontainer.PicoFactory.start(PicoFactory.java:19)
	at cucumber.runtime.java.ObjectFactoryLoader$ObjectFactoryAdapter.start(ObjectFactoryLoader.java:104)
	at cucumber.runtime.java.JavaBackend.buildWorld(JavaBackend.java:114)
	at cucumber.runner.Runner.buildBackendWorlds(Runner.java:130)
	at cucumber.runner.Runner.runPickle(Runner.java:48)
	at cucumber.api.testng.TestNGCucumberRunner.runScenario(TestNGCucumberRunner.java:58)
	at runner.TestRunner.feature(TestRunner.java:32)
	at sun.reflect.NativeMethodAccessorImpl.invoke0(Native Method)
	at sun.reflect.NativeMethodAccessorImpl.invoke(Unknown Source)
	at sun.reflect.DelegatingMethodAccessorImpl.invoke(Unknown Source)
	at java.lang.reflect.Method.invoke(Unknown Source)
	at org.testng.internal.MethodInvocationHelper.invokeMethod(MethodInvocationHelper.java:100)
	at org.testng.internal.Invoker.invokeMethod(Invoker.java:646)
	at org.testng.internal.Invoker.invokeTestMethod(Invoker.java:811)
	at org.testng.internal.TestMethodWithDataProviderMethodWorker.call(TestMethodWithDataProviderMethodWorker.java:75)
	at org.testng.internal.TestMethodWithDataProviderMethodWorker.call(TestMethodWithDataProviderMethodWorker.java:14)
	at java.util.concurrent.FutureTask.run(Unknown Source)
	at java.util.concurrent.Executors$RunnableAdapter.call(Unknown Source)
	at java.util.concurrent.FutureTask.run(Unknown Source)
	at java.util.concurrent.ThreadPoolExecutor.runWorker(Unknown Source)
	at java.util.concurrent.ThreadPoolExecutor$Worker.run(Unknown Source)
	at java.lang.Thread.run(Unknown Source)
]]>
    </error>
  </testcase> <!-- feature -->
  <testcase name="feature" time="0.009" classname="runner.TestRunner">
    <error type="java.lang.NoClassDefFoundError" message="org/picocontainer/PicoBuilder">
      <![CDATA[java.lang.NoClassDefFoundError: org/picocontainer/PicoBuilder
	at io.cucumber.picocontainer.PicoFactory.start(PicoFactory.java:19)
	at cucumber.runtime.java.ObjectFactoryLoader$ObjectFactoryAdapter.start(ObjectFactoryLoader.java:104)
	at cucumber.runtime.java.JavaBackend.buildWorld(JavaBackend.java:114)
	at cucumber.runner.Runner.buildBackendWorlds(Runner.java:130)
	at cucumber.runner.Runner.runPickle(Runner.java:48)
	at cucumber.api.testng.TestNGCucumberRunner.runScenario(TestNGCucumberRunner.java:58)
	at runner.TestRunner.feature(TestRunner.java:32)
	at sun.reflect.NativeMethodAccessorImpl.invoke0(Native Method)
	at sun.reflect.NativeMethodAccessorImpl.invoke(Unknown Source)
	at sun.reflect.DelegatingMethodAccessorImpl.invoke(Unknown Source)
	at java.lang.reflect.Method.invoke(Unknown Source)
	at org.testng.internal.MethodInvocationHelper.invokeMethod(MethodInvocationHelper.java:100)
	at org.testng.internal.Invoker.invokeMethod(Invoker.java:646)
	at org.testng.internal.Invoker.invokeTestMethod(Invoker.java:811)
	at org.testng.internal.TestMethodWithDataProviderMethodWorker.call(TestMethodWithDataProviderMethodWorker.java:75)
	at org.testng.internal.TestMethodWithDataProviderMethodWorker.call(TestMethodWithDataProviderMethodWorker.java:14)
	at java.util.concurrent.FutureTask.run(Unknown Source)
	at java.util.concurrent.Executors$RunnableAdapter.call(Unknown Source)
	at java.util.concurrent.FutureTask.run(Unknown Source)
	at java.util.concurrent.ThreadPoolExecutor.runWorker(Unknown Source)
	at java.util.concurrent.ThreadPoolExecutor$Worker.run(Unknown Source)
	at java.lang.Thread.run(Unknown Source)
]]>
    </error>
  </testcase> <!-- feature -->
  <testcase name="feature" time="0.185" classname="runner.TestRunner">
    <error type="java.lang.NoClassDefFoundError" message="org/picocontainer/PicoBuilder">
      <![CDATA[java.lang.NoClassDefFoundError: org/picocontainer/PicoBuilder
	at io.cucumber.picocontainer.PicoFactory.start(PicoFactory.java:19)
	at cucumber.runtime.java.ObjectFactoryLoader$ObjectFactoryAdapter.start(ObjectFactoryLoader.java:104)
	at cucumber.runtime.java.JavaBackend.buildWorld(JavaBackend.java:114)
	at cucumber.runner.Runner.buildBackendWorlds(Runner.java:130)
	at cucumber.runner.Runner.runPickle(Runner.java:48)
	at cucumber.api.testng.TestNGCucumberRunner.runScenario(TestNGCucumberRunner.java:58)
	at runner.TestRunner.feature(TestRunner.java:32)
	at sun.reflect.NativeMethodAccessorImpl.invoke0(Native Method)
	at sun.reflect.NativeMethodAccessorImpl.invoke(Unknown Source)
	at sun.reflect.DelegatingMethodAccessorImpl.invoke(Unknown Source)
	at java.lang.reflect.Method.invoke(Unknown Source)
	at org.testng.internal.MethodInvocationHelper.invokeMethod(MethodInvocationHelper.java:100)
	at org.testng.internal.Invoker.invokeMethod(Invoker.java:646)
	at org.testng.internal.Invoker.invokeTestMethod(Invoker.java:811)
	at org.testng.internal.TestMethodWithDataProviderMethodWorker.call(TestMethodWithDataProviderMethodWorker.java:75)
	at org.testng.internal.TestMethodWithDataProviderMethodWorker.call(TestMethodWithDataProviderMethodWorker.java:14)
	at java.util.concurrent.FutureTask.run(Unknown Source)
	at java.util.concurrent.Executors$RunnableAdapter.call(Unknown Source)
	at java.util.concurrent.FutureTask.run(Unknown Source)
	at java.util.concurrent.ThreadPoolExecutor.runWorker(Unknown Source)
	at java.util.concurrent.ThreadPoolExecutor$Worker.run(Unknown Source)
	at java.lang.Thread.run(Unknown Source)
Caused by: java.lang.ClassNotFoundException: org.picocontainer.PicoBuilder
	at java.net.URLClassLoader.findClass(Unknown Source)
	at java.lang.ClassLoader.loadClass(Unknown Source)
	at sun.misc.Launcher$AppClassLoader.loadClass(Unknown Source)
	at java.lang.ClassLoader.loadClass(Unknown Source)
	... 22 more
]]>
    </error>
  </testcase> <!-- feature -->
</testsuite> <!-- runner.TestRunner -->
