<?xml version="1.0" encoding="UTF-8"?>
<!-- Generated by org.testng.reporters.JUnitReportReporter -->
<testsuite skipped="0" hostname="DESKTOP-0HLH9L7" name="runner.TestRunner" tests="3" failures="0" timestamp="23 Jun 2019 08:52:05 GMT" time="84.600" errors="0">
  <testcase name="feature" time="9.933" classname="runner.TestRunner"/>
  <testcase name="feature" time="37.034" classname="runner.TestRunner"/>
  <testcase name="feature" time="37.633" classname="runner.TestRunner"/>
</testsuite> <!-- runner.TestRunner -->
