<?xml version="1.0" encoding="UTF-8"?>
<!-- Generated by org.testng.reporters.JUnitReportReporter -->
<testsuite skipped="0" hostname="DESKTOP-0HLH9L7" name="runner.TestRunner" tests="3" failures="0" timestamp="30 Jun 2019 18:54:55 GMT" time="191.959" errors="0">
  <testcase name="feature" time="90.268" classname="runner.TestRunner"/>
  <testcase name="feature" time="90.436" classname="runner.TestRunner"/>
  <testcase name="feature" time="11.255" classname="runner.TestRunner"/>
</testsuite> <!-- runner.TestRunner -->
